INFO:Data Manipulatior:Successfully Added WeekDay Column to the DataFrame
INFO:Data Manipulatior:Successfully Added WeekDay Column to the DataFrame
INFO:Data Manipulatior:Successfully Added DaysToHoliday Column
INFO:Data Manipulatior:Successfully Added DaysToHoliday Column
INFO:Data Manipulatior:Successfully Added DaysAfterHoliday Column
INFO:Data Manipulatior:Successfully Added DaysAfterHoliday Column
INFO:Data Manipulatior:Successfully Added MonthTiming Column
INFO:Data Manipulatior:Successfully Added MonthTiming Column
INFO:root:Successfull data scaling
INFO:root:Successfull data scaling
INFO:root:Successfull data scaling
INFO:root:Successfull data scaling
INFO:Data Manipulatior:Successfully Added WeekDay Column to the DataFrame
INFO:Data Manipulatior:Successfully Added WeekDay Column to the DataFrame
INFO:Data Manipulatior:Successfully Added DaysToHoliday Column
INFO:Data Manipulatior:Successfully Added DaysToHoliday Column
INFO:Data Manipulatior:Successfully Added DaysAfterHoliday Column
INFO:Data Manipulatior:Successfully Added DaysAfterHoliday Column
INFO:Data Manipulatior:Successfully Added MonthTiming Column
INFO:Data Manipulatior:Successfully Added MonthTiming Column
INFO:root:Successfull data scaling
INFO:root:Successfull data scaling
INFO:Data Manipulatior:Successfully Added WeekDay Column to the DataFrame
INFO:Data Manipulatior:Successfully Added WeekDay Column to the DataFrame
INFO:Data Manipulatior:Successfully Added DaysToHoliday Column
INFO:Data Manipulatior:Successfully Added DaysToHoliday Column
INFO:Data Manipulatior:Successfully Added DaysAfterHoliday Column
INFO:Data Manipulatior:Successfully Added DaysAfterHoliday Column
INFO:Data Manipulatior:Successfully Added MonthTiming Column
INFO:Data Manipulatior:Successfully Added MonthTiming Column
INFO:root:Successfull data scaling
INFO:root:Successfull data scaling
INFO:Data Manipulatior:Successfully Added WeekDay Column to the DataFrame
INFO:Data Manipulatior:Successfully Added WeekDay Column to the DataFrame
INFO:Data Manipulatior:Successfully Added DaysToHoliday Column
INFO:Data Manipulatior:Successfully Added DaysToHoliday Column
INFO:Data Manipulatior:Successfully Added DaysAfterHoliday Column
INFO:Data Manipulatior:Successfully Added DaysAfterHoliday Column
INFO:Data Manipulatior:Successfully Added MonthTiming Column
INFO:Data Manipulatior:Successfully Added MonthTiming Column
INFO:Data Manipulatior:Successfully Added WeekDay Column to the DataFrame
INFO:Data Manipulatior:Successfully Added WeekDay Column to the DataFrame
INFO:Data Manipulatior:Successfully Added DaysToHoliday Column
INFO:Data Manipulatior:Successfully Added DaysToHoliday Column
INFO:Data Manipulatior:Successfully Added DaysAfterHoliday Column
INFO:Data Manipulatior:Successfully Added DaysAfterHoliday Column
INFO:Data Manipulatior:Successfully Added MonthTiming Column
INFO:Data Manipulatior:Successfully Added MonthTiming Column
